<?xml version="1.0" encoding="UTF-8"?>
<robot generator="Robot 5.0.1 (Python 3.10.2 on win32)" generated="20221229 12:52:21.610" rpa="false" schemaversion="3">
<suite id="s1" name="Frames Test 1" source="g:\python\robot_framework\test_cases\frames_test_1.robot">
<test id="s1-t1" name="Frames_Handling" line="10">
<kw name="Open Browser" library="RPA.Browser.Selenium">
<arg>${url}</arg>
<arg>${browser}</arg>
<doc>Opens a new browser instance to the optional ``url``.</doc>
<msg timestamp="20221229 12:52:22.843" level="INFO">Opening browser 'chrome' to base url 'https://www.selenium.dev/selenium/docs/api/java/index.html?overview-summary.html'.</msg>
<status status="PASS" starttime="20221229 12:52:22.838" endtime="20221229 12:52:24.460"/>
</kw>
<kw name="Maximize Browser Window" library="RPA.Browser.Selenium">
<doc>Maximizes current browser window.</doc>
<status status="PASS" starttime="20221229 12:52:24.462" endtime="20221229 12:52:24.608"/>
</kw>
<kw name="Frames_test" library="frames_test_operations">
<kw name="Select Frame" library="RPA.Browser.Selenium">
<arg>packageListFrame</arg>
<doc>Sets frame identified by ``locator`` as the current frame.</doc>
<msg timestamp="20221229 12:52:24.619" level="INFO">Selecting frame 'packageListFrame'.</msg>
<status status="PASS" starttime="20221229 12:52:24.614" endtime="20221229 12:52:24.742"/>
</kw>
<kw name="Click Link" library="RPA.Browser.Selenium">
<arg>org.openqa.selenium</arg>
<doc>Clicks a link identified by ``locator``.</doc>
<msg timestamp="20221229 12:52:24.747" level="INFO">Clicking link 'org.openqa.selenium'.</msg>
<status status="PASS" starttime="20221229 12:52:24.744" endtime="20221229 12:52:24.874"/>
</kw>
<kw name="Unselect Frame" library="RPA.Browser.Selenium">
<doc>Sets the main frame as the current frame.</doc>
<status status="PASS" starttime="20221229 12:52:24.876" endtime="20221229 12:52:24.880"/>
</kw>
<kw name="Select Frame" library="RPA.Browser.Selenium">
<arg>packageFrame</arg>
<doc>Sets frame identified by ``locator`` as the current frame.</doc>
<msg timestamp="20221229 12:52:24.884" level="INFO">Selecting frame 'packageFrame'.</msg>
<status status="PASS" starttime="20221229 12:52:24.881" endtime="20221229 12:52:25.158"/>
</kw>
<kw name="Click Link" library="RPA.Browser.Selenium">
<arg>HasAuthentication</arg>
<doc>Clicks a link identified by ``locator``.</doc>
<msg timestamp="20221229 12:52:25.161" level="INFO">Clicking link 'HasAuthentication'.</msg>
<status status="PASS" starttime="20221229 12:52:25.159" endtime="20221229 12:52:25.258"/>
</kw>
<kw name="Unselect Frame" library="RPA.Browser.Selenium">
<doc>Sets the main frame as the current frame.</doc>
<status status="PASS" starttime="20221229 12:52:25.259" endtime="20221229 12:52:25.269"/>
</kw>
<kw name="Select Frame" library="RPA.Browser.Selenium">
<arg>classFrame</arg>
<doc>Sets frame identified by ``locator`` as the current frame.</doc>
<msg timestamp="20221229 12:52:25.275" level="INFO">Selecting frame 'classFrame'.</msg>
<status status="PASS" starttime="20221229 12:52:25.272" endtime="20221229 12:52:25.440"/>
</kw>
<kw name="Click Link" library="RPA.Browser.Selenium">
<arg>Default Methods</arg>
<doc>Clicks a link identified by ``locator``.</doc>
<msg timestamp="20221229 12:52:25.442" level="INFO">Clicking link 'Default Methods'.</msg>
<status status="PASS" starttime="20221229 12:52:25.441" endtime="20221229 12:52:25.522"/>
</kw>
<status status="PASS" starttime="20221229 12:52:24.610" endtime="20221229 12:52:25.524"/>
</kw>
<status status="PASS" starttime="20221229 12:52:22.836" endtime="20221229 12:52:25.526"/>
</test>
<status status="PASS" starttime="20221229 12:52:21.623" endtime="20221229 12:52:25.535"/>
</suite>
<statistics>
<total>
<stat pass="1" fail="0" skip="0">All Tests</stat>
</total>
<tag>
</tag>
<suite>
<stat pass="1" fail="0" skip="0" id="s1" name="Frames Test 1">Frames Test 1</stat>
</suite>
</statistics>
<errors>
</errors>
</robot>
