<?xml version="1.0" encoding="UTF-8"?>
<testng-results ignored="0" total="2" passed="2" failed="0" skipped="0">
  <reporter-output>
  </reporter-output>
  <suite started-at="2023-01-30T09:22:31 IST" name="Default suite" finished-at="2023-01-30T09:22:45 IST" duration-ms="14027">
    <groups>
    </groups>
    <test started-at="2023-01-30T09:22:31 IST" name="Default test" finished-at="2023-01-30T09:22:45 IST" duration-ms="14027">
      <class name="mvn_pkg.ExtentReport1">
        <test-method is-config="true" signature="beforeTest()[pri:0, instance:mvn_pkg.ExtentReport1@4ac3c60d]" started-at="2023-01-30T09:22:31 IST" name="beforeTest" finished-at="2023-01-30T09:22:32 IST" duration-ms="1597" status="PASS">
          <reporter-output>
          </reporter-output>
        </test-method> <!-- beforeTest -->
        <test-method signature="login()[pri:0, instance:mvn_pkg.ExtentReport1@4ac3c60d]" started-at="2023-01-30T09:22:32 IST" name="login" finished-at="2023-01-30T09:22:43 IST" duration-ms="10293" status="PASS">
          <reporter-output>
          </reporter-output>
        </test-method> <!-- login -->
        <test-method signature="logout()[pri:0, instance:mvn_pkg.ExtentReport1@4ac3c60d]" started-at="2023-01-30T09:22:43 IST" name="logout" finished-at="2023-01-30T09:22:44 IST" depends-on-methods="mvn_pkg.ExtentReport1.login" duration-ms="1804" status="PASS">
          <reporter-output>
          </reporter-output>
        </test-method> <!-- logout -->
        <test-method is-config="true" signature="afterTest()[pri:0, instance:mvn_pkg.ExtentReport1@4ac3c60d]" started-at="2023-01-30T09:22:44 IST" name="afterTest" finished-at="2023-01-30T09:22:45 IST" duration-ms="302" status="PASS">
          <reporter-output>
          </reporter-output>
        </test-method> <!-- afterTest -->
      </class> <!-- mvn_pkg.ExtentReport1 -->
    </test> <!-- Default test -->
  </suite> <!-- Default suite -->
</testng-results>
