<?xml version="1.0" encoding="UTF-8"?>
<testng-results ignored="1" total="3" passed="2" failed="0" skipped="0">
  <reporter-output>
  </reporter-output>
  <suite started-at="2022-12-08T10:09:34 IST" name="Default suite" finished-at="2022-12-08T10:10:07 IST" duration-ms="33265">
    <groups>
    </groups>
    <test started-at="2022-12-08T10:09:34 IST" name="Default test" finished-at="2022-12-08T10:10:07 IST" duration-ms="33265">
      <class name="TestNG_Demo.Test_01">
        <test-method is-config="true" signature="beforeTest()[pri:0, instance:TestNG_Demo.Test_01@661972b0]" started-at="2022-12-08T10:09:34 IST" name="beforeTest" finished-at="2022-12-08T10:09:43 IST" duration-ms="9027" status="PASS">
          <reporter-output>
          </reporter-output>
        </test-method> <!-- beforeTest -->
        <test-method signature="Login()[pri:0, instance:TestNG_Demo.Test_01@661972b0]" started-at="2022-12-08T10:09:43 IST" name="Login" finished-at="2022-12-08T10:09:46 IST" duration-ms="3180" status="PASS">
          <reporter-output>
          </reporter-output>
        </test-method> <!-- Login -->
        <test-method signature="Logout()[pri:1, instance:TestNG_Demo.Test_01@661972b0]" started-at="2022-12-08T10:09:46 IST" name="Logout" finished-at="2022-12-08T10:09:51 IST" duration-ms="4780" status="PASS">
          <reporter-output>
          </reporter-output>
        </test-method> <!-- Logout -->
        <test-method is-config="true" signature="afterTest()[pri:0, instance:TestNG_Demo.Test_01@661972b0]" started-at="2022-12-08T10:09:51 IST" name="afterTest" finished-at="2022-12-08T10:10:07 IST" duration-ms="16239" status="PASS">
          <reporter-output>
          </reporter-output>
        </test-method> <!-- afterTest -->
      </class> <!-- TestNG_Demo.Test_01 -->
    </test> <!-- Default test -->
  </suite> <!-- Default suite -->
</testng-results>
