<?xml version="1.0" encoding="UTF-8"?>
<!-- Generated by org.testng.reporters.JUnitXMLReporter -->
<testsuite ignored="1" hostname="SugahSugah" failures="0" tests="2" name="Default test" time="33.265" errors="0" timestamp="2022-12-08T10:10:07 IST">
  <testcase classname="TestNG_Demo.Test_01" name="Login" time="3.18"/>
  <testcase classname="TestNG_Demo.Test_01" name="Logout" time="4.78"/>
  <testcase classname="TestNG_Demo.Test_01" name="Homepage" time="0.0">
    <ignored/>
  </testcase> <!-- Homepage -->
</testsuite> <!-- Default test -->
